TN:
SF:src/client/javascripts/application.js
FNF:0
FNH:0
DA:13,0
DA:14,0
DA:15,0
DA:16,0
DA:17,0
DA:18,0
DA:19,0
DA:21,0
LF:8
LH:0
BRF:0
BRH:0
end_of_record
TN:
SF:src/config/config.js
FNF:0
FNH:0
DA:7,17
DA:9,17
DA:10,17
DA:12,17
DA:13,17
DA:14,17
DA:16,17
DA:18,17
DA:279,17
LF:9
LH:9
BRDA:91,0,0,0
BRDA:91,0,1,17
BRDA:97,1,0,0
BRDA:97,1,1,17
BRDA:126,2,0,0
BRDA:126,2,1,17
BRF:6
BRH:3
end_of_record
TN:
SF:src/config/nunjucks/nunjucks.js
FN:33,(anonymous_0)
FN:35,(anonymous_1)
FN:49,(anonymous_2)
FN:53,(anonymous_3)
FNF:4
FNH:4
FNDA:43,(anonymous_0)
FNDA:43,(anonymous_1)
FNDA:10,(anonymous_2)
FNDA:30,(anonymous_3)
DA:11,10
DA:12,10
DA:28,10
DA:34,43
DA:35,43
DA:49,10
DA:50,10
DA:53,10
DA:54,30
LF:9
LH:9
BRF:0
BRH:0
end_of_record
TN:
SF:src/config/nunjucks/context/build-navigation.js
FN:1,buildNavigation
FNF:1
FNH:1
FNDA:52,buildNavigation
DA:2,52
LF:1
LH:1
BRF:0
BRH:0
end_of_record
TN:
SF:src/config/nunjucks/context/context.js
FN:17,context
FN:32,(anonymous_1)
FNF:2
FNH:2
FNDA:50,context
FNDA:88,(anonymous_1)
DA:8,13
DA:9,13
DA:10,13
DA:18,50
DA:19,8
DA:20,8
DA:22,1
DA:26,50
DA:33,88
DA:34,88
LF:10
LH:10
BRDA:18,0,0,8
BRDA:18,0,1,42
BRDA:34,1,0,88
BRDA:34,1,1,1
BRF:4
BRH:4
end_of_record
TN:
SF:src/config/nunjucks/filters/filters.js
FNF:0
FNH:0
LF:0
LH:0
BRF:0
BRH:0
end_of_record
TN:
SF:src/config/nunjucks/filters/format-currency.js
FN:1,formatCurrency
FNF:1
FNH:1
FNDA:2,formatCurrency
DA:2,2
DA:7,2
LF:2
LH:2
BRDA:1,0,0,2
BRDA:1,1,0,2
BRF:2
BRH:2
end_of_record
TN:
SF:src/config/nunjucks/filters/format-date.js
FN:3,formatDate
FNF:1
FNH:1
FNDA:20,formatDate
DA:4,20
DA:6,20
LF:2
LH:2
BRDA:3,0,0,20
BRDA:4,1,0,1
BRDA:4,1,1,19
BRF:3
BRH:3
end_of_record
TN:
SF:src/config/nunjucks/globals/globals.js
FNF:0
FNH:0
DA:1,10
LF:1
LH:1
BRF:0
BRH:0
end_of_record
TN:
SF:src/server/router.js
FN:12,(anonymous_0)
FNF:1
FNH:1
FNDA:17,(anonymous_0)
DA:9,10
DA:13,17
DA:16,17
DA:19,17
DA:22,17
LF:5
LH:5
BRF:0
BRH:0
end_of_record
TN:
SF:src/server/server.js
FN:21,createServer
FNF:1
FNH:1
FNDA:17,createServer
DA:22,17
DA:23,17
DA:60,17
DA:75,17
DA:81,17
DA:83,17
LF:6
LH:6
BRF:0
BRH:0
end_of_record
TN:
SF:src/server/auth/controller.js
FN:4,(anonymous_0)
FNF:1
FNH:1
FNDA:3,(anonymous_0)
DA:3,10
DA:5,3
DA:6,0
DA:9,3
DA:11,3
DA:13,3
DA:19,3
DA:21,3
LF:8
LH:7
BRDA:5,0,0,0
BRDA:5,0,1,3
BRF:2
BRH:1
end_of_record
TN:
SF:src/server/auth/index.js
FN:10,(anonymous_0)
FNF:1
FNH:1
FNDA:17,(anonymous_0)
DA:7,10
DA:11,17
LF:2
LH:2
BRF:0
BRH:0
end_of_record
TN:
SF:src/server/common/constants/status-codes.js
FNF:0
FNH:0
DA:1,11
LF:1
LH:1
BRF:0
BRH:0
end_of_record
TN:
SF:src/server/common/helpers/auth.js
FN:18,_getBellOptions
FN:44,_getCookieOptions
FN:66,_validateSessionToken
FN:89,(anonymous_3)
FNF:4
FNH:4
FNDA:17,_getBellOptions
FNDA:17,_getCookieOptions
FNDA:2,_validateSessionToken
FNDA:17,(anonymous_3)
DA:19,17
DA:45,17
DA:67,2
DA:69,2
DA:70,0
DA:73,2
DA:74,2
DA:76,2
DA:78,1
DA:80,1
DA:83,1
DA:86,10
DA:90,17
DA:92,17
DA:93,17
DA:95,17
DA:96,1
LF:17
LH:16
BRDA:69,0,0,0
BRDA:69,0,1,2
BRDA:95,1,0,1
BRDA:95,1,1,16
BRF:4
BRH:3
end_of_record
TN:
SF:src/server/common/helpers/content-security-policy.js
FNF:0
FNH:0
DA:7,10
LF:1
LH:1
BRF:0
BRH:0
end_of_record
TN:
SF:src/server/common/helpers/errors.js
FN:3,statusCodeMessage
FN:18,catchAll
FNF:2
FNH:2
FNDA:7,statusCodeMessage
FNDA:70,catchAll
DA:4,7
DA:6,2
DA:8,1
DA:10,1
DA:12,1
DA:14,2
DA:19,70
DA:21,70
DA:22,63
DA:25,7
DA:26,7
DA:28,7
DA:29,1
DA:32,7
LF:14
LH:14
BRDA:4,0,0,2
BRDA:4,0,1,1
BRDA:4,0,2,1
BRDA:4,0,3,1
BRDA:4,0,4,2
BRDA:21,1,0,63
BRDA:21,1,1,7
BRDA:28,2,0,1
BRDA:28,2,1,6
BRF:9
BRH:9
end_of_record
TN:
SF:src/server/common/helpers/metrics.js
FN:13,metricsCounter
FNF:1
FNH:1
FNDA:6,metricsCounter
DA:14,6
DA:16,6
DA:17,2
DA:20,4
DA:21,4
DA:22,4
DA:28,4
DA:30,1
LF:8
LH:8
BRDA:13,0,0,6
BRDA:16,1,0,2
BRDA:16,1,1,4
BRF:3
BRH:3
end_of_record
TN:
SF:src/server/common/helpers/pulse.js
FNF:0
FNH:0
DA:5,10
DA:7,10
LF:2
LH:2
BRF:0
BRH:0
end_of_record
TN:
SF:src/server/common/helpers/redis-client.js
FN:11,buildRedisClient
FN:48,(anonymous_1)
FN:58,(anonymous_2)
FN:62,(anonymous_3)
FNF:4
FNH:1
FNDA:4,buildRedisClient
FNDA:0,(anonymous_1)
FNDA:0,(anonymous_2)
FNDA:0,(anonymous_3)
DA:12,4
DA:13,4
DA:14,4
DA:15,4
DA:16,4
DA:20,4
DA:26,4
DA:28,4
DA:29,3
DA:38,1
DA:48,0
DA:58,4
DA:59,0
DA:62,4
DA:63,0
DA:66,4
LF:16
LH:13
BRDA:20,0,0,3
BRDA:20,0,1,1
BRDA:26,1,0,1
BRDA:26,1,1,3
BRDA:28,2,0,3
BRDA:28,2,1,1
BRF:6
BRH:6
end_of_record
TN:
SF:src/server/common/helpers/request-tracing.js
FNF:0
FNH:0
DA:5,10
LF:1
LH:1
BRF:0
BRH:0
end_of_record
TN:
SF:src/server/common/helpers/serve-static-files.js
FN:7,(anonymous_0)
FN:19,(anonymous_1)
FNF:2
FNH:2
FNDA:17,(anonymous_0)
FNDA:1,(anonymous_1)
DA:4,10
DA:8,17
DA:20,1
LF:3
LH:3
BRF:0
BRH:0
end_of_record
TN:
SF:src/server/common/helpers/start-server.js
FN:4,startServer
FNF:1
FNH:1
FNDA:4,startServer
DA:5,4
DA:6,3
DA:8,3
DA:9,3
DA:13,3
LF:5
LH:5
BRF:0
BRH:0
end_of_record
TN:
SF:src/server/common/helpers/user-agent-protection.js
FN:12,(anonymous_0)
FN:13,(anonymous_1)
FNF:2
FNH:2
FNDA:10,(anonymous_0)
FNDA:64,(anonymous_1)
DA:7,10
DA:9,10
DA:13,17
DA:14,64
DA:16,64
DA:18,4
DA:19,4
DA:22,64
LF:8
LH:8
BRDA:16,0,0,4
BRDA:16,0,1,60
BRDA:16,1,0,64
BRDA:16,1,1,64
BRF:4
BRH:4
end_of_record
TN:
SF:src/server/common/helpers/logging/logger-options.js
FN:30,(anonymous_0)
FNF:1
FNH:1
FNDA:178,(anonymous_0)
DA:6,12
DA:7,12
DA:8,12
DA:10,12
DA:20,12
DA:31,178
DA:32,178
DA:33,178
DA:34,0
DA:36,178
LF:10
LH:9
BRDA:33,0,0,0
BRDA:33,0,1,178
BRF:2
BRH:1
end_of_record
TN:
SF:src/server/common/helpers/logging/logger.js
FN:7,createLogger
FNF:1
FNH:1
FNDA:89,createLogger
DA:5,12
DA:8,89
LF:2
LH:2
BRF:0
BRH:0
end_of_record
TN:
SF:src/server/common/helpers/logging/request-logger.js
FNF:0
FNH:0
DA:5,10
LF:1
LH:1
BRF:0
BRH:0
end_of_record
TN:
SF:src/server/common/helpers/proxy/setup-proxy.js
FN:14,setupProxy
FNF:1
FNH:1
FNDA:19,setupProxy
DA:7,11
DA:15,19
DA:17,19
DA:18,1
DA:21,1
DA:24,1
DA:25,1
LF:7
LH:7
BRDA:17,0,0,1
BRDA:17,0,1,18
BRF:2
BRH:2
end_of_record
TN:
SF:src/server/common/helpers/session-cache/cache-engine.js
FN:8,getCacheEngine
FNF:1
FNH:1
FNDA:24,getCacheEngine
DA:9,24
DA:11,24
DA:12,2
DA:13,2
DA:14,2
DA:17,22
DA:18,3
DA:23,22
DA:24,22
LF:9
LH:9
BRDA:11,0,0,2
BRDA:11,0,1,22
BRDA:17,1,0,3
BRDA:17,1,1,19
BRF:4
BRH:4
end_of_record
TN:
SF:src/server/common/helpers/session-cache/session-cache.js
FNF:0
FNH:0
DA:5,10
DA:10,10
LF:2
LH:2
BRF:0
BRH:0
end_of_record
TN:
SF:src/server/feedback/controller.js
FN:11,(anonymous_0)
FN:27,(anonymous_1)
FN:31,(anonymous_2)
FN:60,(anonymous_3)
FN:88,(anonymous_4)
FNF:5
FNH:4
FNDA:3,(anonymous_0)
FNDA:12,(anonymous_1)
FNDA:13,(anonymous_2)
FNDA:0,(anonymous_3)
FNDA:1,(anonymous_4)
DA:7,10
DA:8,10
DA:10,10
DA:12,3
DA:13,3
DA:15,3
DA:17,3
DA:23,10
DA:28,12
DA:29,12
DA:31,13
DA:33,12
DA:34,12
DA:36,12
DA:37,13
DA:38,13
DA:40,13
DA:41,13
DA:42,13
DA:43,0
DA:44,0
DA:45,0
DA:49,12
DA:61,0
DA:62,0
DA:64,0
DA:65,0
DA:67,0
DA:69,0
DA:71,0
DA:73,0
DA:87,10
DA:89,1
LF:33
LH:22
BRDA:13,0,0,3
BRDA:13,0,1,1
BRDA:29,1,0,12
BRDA:29,1,1,0
BRDA:40,2,0,13
BRDA:40,2,1,0
BRDA:43,3,0,0
BRDA:43,3,1,0
BRDA:50,4,0,12
BRDA:50,4,1,1
BRF:10
BRH:6
end_of_record
TN:
SF:src/server/feedback/feedback-api.js
FN:15,submitFeedback
FNF:1
FNH:0
FNDA:0,submitFeedback
DA:16,0
DA:17,0
DA:19,0
DA:20,0
DA:32,0
DA:33,0
DA:36,0
LF:7
LH:0
BRDA:26,0,0,0
BRDA:26,0,1,0
BRDA:27,1,0,0
BRDA:27,1,1,0
BRDA:28,2,0,0
BRDA:28,2,1,0
BRDA:32,3,0,0
BRDA:32,3,1,0
BRF:8
BRH:0
end_of_record
TN:
SF:src/server/feedback/feedback-schema.js
FNF:0
FNH:0
DA:3,10
DA:5,10
DA:13,10
LF:3
LH:3
BRF:0
BRH:0
end_of_record
TN:
SF:src/server/feedback/index.js
FN:10,(anonymous_0)
FNF:1
FNH:1
FNDA:17,(anonymous_0)
DA:7,10
DA:11,17
LF:2
LH:2
BRF:0
BRH:0
end_of_record
TN:
SF:src/server/health/controller.js
FN:7,(anonymous_0)
FNF:1
FNH:1
FNDA:2,(anonymous_0)
DA:6,10
DA:8,2
LF:2
LH:2
BRF:0
BRH:0
end_of_record
TN:
SF:src/server/health/index.js
FN:6,(anonymous_0)
FNF:1
FNH:1
FNDA:17,(anonymous_0)
DA:3,10
DA:7,17
LF:2
LH:2
BRF:0
BRH:0
end_of_record
TN:
SF:src/server/start/chat-api.js
FN:10,(anonymous_0)
FN:23,generateErrorTimestamp
FN:38,sendQuestion
FN:75,(anonymous_3)
FNF:4
FNH:4
FNDA:2,(anonymous_0)
FNDA:6,generateErrorTimestamp
FNDA:13,sendQuestion
FNDA:12,(anonymous_3)
DA:11,2
DA:12,2
DA:13,2
DA:14,2
DA:15,2
DA:24,6
DA:25,6
DA:39,13
DA:40,13
DA:42,13
DA:43,13
DA:55,12
DA:56,6
DA:59,6
DA:60,2
DA:61,2
DA:62,2
DA:63,2
DA:67,2
DA:70,4
DA:73,6
DA:75,6
DA:76,12
DA:82,6
DA:88,7
DA:89,2
DA:91,5
LF:27
LH:27
BRDA:50,0,0,13
BRDA:50,0,1,10
BRDA:55,1,0,6
BRDA:55,1,1,6
BRDA:59,2,0,2
BRDA:59,2,1,4
BRDA:63,3,0,2
BRDA:63,3,1,0
BRDA:63,3,2,0
BRDA:88,4,0,2
BRDA:88,4,1,5
BRF:11
BRH:9
end_of_record
TN:
SF:src/server/start/chat-schema.js
FNF:0
FNH:0
DA:3,10
DA:4,10
DA:6,10
DA:21,10
LF:4
LH:4
BRF:0
BRH:0
end_of_record
TN:
SF:src/server/start/controller.js
FN:16,createErrorMessage
FN:25,(anonymous_1)
FN:46,(anonymous_2)
FN:63,(anonymous_3)
FN:130,(anonymous_4)
FNF:5
FNH:5
FNDA:2,createErrorMessage
FNDA:10,(anonymous_1)
FNDA:3,(anonymous_2)
FNDA:13,(anonymous_3)
FNDA:1,(anonymous_4)
DA:8,10
DA:17,2
DA:24,10
DA:26,10
DA:27,10
DA:28,10
DA:29,8
DA:31,2
DA:32,2
DA:41,10
DA:47,3
DA:48,3
DA:50,3
DA:51,3
DA:53,3
DA:64,13
DA:66,13
DA:68,13
DA:69,13
DA:71,13
DA:73,13
DA:74,13
DA:75,13
DA:77,6
DA:84,7
DA:87,7
DA:88,2
DA:96,2
DA:105,2
DA:116,5
DA:118,5
DA:129,10
DA:131,1
DA:132,1
DA:136,1
DA:137,1
LF:36
LH:36
BRDA:87,0,0,2
BRDA:87,0,1,5
BRDA:87,1,0,7
BRDA:87,1,1,2
BRF:4
BRH:4
end_of_record
TN:
SF:src/server/start/index.js
FN:10,(anonymous_0)
FNF:1
FNH:1
FNDA:17,(anonymous_0)
DA:7,10
DA:11,17
LF:2
LH:2
BRF:0
BRH:0
end_of_record
TN:
SF:src/server/start/models-api.js
FN:11,getModels
FNF:1
FNH:1
FNDA:33,getModels
DA:12,33
DA:13,33
DA:15,33
DA:16,33
DA:23,32
DA:24,1
DA:27,31
DA:28,31
DA:30,2
LF:9
LH:9
BRDA:23,0,0,1
BRDA:23,0,1,31
BRF:2
BRH:2
end_of_record
